#
# There is insufficient memory for the Java Runtime Environment to continue.
# Native memory allocation (malloc) failed to allocate 1383552 bytes for Chunk::new
# Possible reasons:
#   The system is out of physical RAM or swap space
#   The process is running with CompressedOops enabled, and the Java Heap may be blocking the growth of the native heap
# Possible solutions:
#   Reduce memory load on the system
#   Increase physical memory or swap space
#   Check if swap backing store is full
#   Decrease Java heap size (-Xmx/-Xms)
#   Decrease number of Java threads
#   Decrease Java thread stack sizes (-Xss)
#   Set larger code cache with -XX:ReservedCodeCacheSize=
#   JVM is running with Unscaled Compressed Oops mode in which the Java heap is
#     placed in the first 4GB address space. The Java Heap base address is the
#     maximum limit for the native heap growth. Please use -XX:HeapBaseMinAddress
#     to set the Java Heap base and to place the Java Heap above 4GB virtual address.
# This output file may be truncated or incomplete.
#
#  Out of Memory Error (arena.cpp:189), pid=7708, tid=12044
#
# JRE version: Java(TM) SE Runtime Environment (17.0.3.1+2) (build 17.0.3.1+2-LTS-6)
# Java VM: Java HotSpot(TM) 64-Bit Server VM (17.0.3.1+2-LTS-6, mixed mode, sharing, tiered, compressed oops, compressed class ptrs, g1 gc, windows-amd64)
# No core dump will be written. Minidumps are not enabled by default on client versions of Windows
#

---------------  S U M M A R Y ------------

Command Line: -agentlib:jdwp=transport=dt_socket,address=127.0.0.1:52407,suspend=y,server=n -javaagent:C:\Users\Akky\AppData\Local\JetBrains\IdeaIC2022.1\captureAgent\debugger-agent.jar -Dfile.encoding=UTF-8 me.dio.academia.digital.AcademiaDigitalApplication

Host: Intel(R) Core(TM) i3-10100F CPU @ 3.60GHz, 8 cores, 7G,  Windows 10 , 64 bit Build 19041 (10.0.19041.1806)
Time: Wed Jul 20 14:56:42 2022 Hora oficial do Brasil elapsed time: 4.306912 seconds (0d 0h 0m 4s)

---------------  T H R E A D  ---------------

Current thread (0x00000279774dad70):  JavaThread "C2 CompilerThread0" daemon [_thread_in_native, id=12044, stack(0x00000081c1b00000,0x00000081c1c00000)]


Current CompileTask:
C2:   4307 4396       4       java.net.URLStreamHandler::parseURL (1201 bytes)

Stack: [0x00000081c1b00000,0x00000081c1c00000]
Native frames: (J=compiled Java code, j=interpreted, Vv=VM code, C=native code)
V  [jvm.dll+0x6711ba]
V  [jvm.dll+0x7d0834]
V  [jvm.dll+0x7d1fde]
V  [jvm.dll+0x7d2643]
V  [jvm.dll+0x242c85]
V  [jvm.dll+0xaa57b]
V  [jvm.dll+0xaab0c]
V  [jvm.dll+0x35ff77]
V  [jvm.dll+0x32a581]
V  [jvm.dll+0x329a2a]
V  [jvm.dll+0x215d61]
V  [jvm.dll+0x215181]
V  [jvm.dll+0x1a1c3d]
V  [jvm.dll+0x2249c8]
V  [jvm.dll+0x222b2c]
V  [jvm.dll+0x78650b]
V  [jvm.dll+0x780aca]
V  [jvm.dll+0x670045]
C  [ucrtbase.dll+0x21bb2]
C  [KERNEL32.DLL+0x17034]
C  [ntdll.dll+0x52651]


---------------  P R O C E S S  ---------------

Threads class SMR info:
_java_thread_list=0x000002797b0e4580, length=22, elements={
0x00000279593c9e70, 0x00000279774c35f0, 0x00000279774c4b10, 0x00000279774d6700,
0x00000279774d8fd0, 0x00000279774dc070, 0x00000279774dc930, 0x00000279774dad70,
0x00000279774ed470, 0x00000279774fbaf0, 0x00000279780b9fb0, 0x000002797812f720,
0x0000027978136b80, 0x0000027978137070, 0x00000279781d56b0, 0x00000279774ecf60,
0x00000279774ee3a0, 0x00000279007efff0, 0x000002797917ab70, 0x000002797917b040,
0x00000279790a5190, 0x000002797c474ff0
}

Java Threads: ( => current thread )
  0x00000279593c9e70 JavaThread "main" [_thread_in_native, id=2008, stack(0x00000081c0e00000,0x00000081c0f00000)]
  0x00000279774c35f0 JavaThread "Reference Handler" daemon [_thread_blocked, id=7892, stack(0x00000081c1500000,0x00000081c1600000)]
  0x00000279774c4b10 JavaThread "Finalizer" daemon [_thread_blocked, id=10276, stack(0x00000081c1600000,0x00000081c1700000)]
  0x00000279774d6700 JavaThread "Signal Dispatcher" daemon [_thread_blocked, id=4588, stack(0x00000081c1700000,0x00000081c1800000)]
  0x00000279774d8fd0 JavaThread "Attach Listener" daemon [_thread_blocked, id=6724, stack(0x00000081c1800000,0x00000081c1900000)]
  0x00000279774dc070 JavaThread "Service Thread" daemon [_thread_blocked, id=3528, stack(0x00000081c1900000,0x00000081c1a00000)]
  0x00000279774dc930 JavaThread "Monitor Deflation Thread" daemon [_thread_blocked, id=11176, stack(0x00000081c1a00000,0x00000081c1b00000)]
=>0x00000279774dad70 JavaThread "C2 CompilerThread0" daemon [_thread_in_native, id=12044, stack(0x00000081c1b00000,0x00000081c1c00000)]
  0x00000279774ed470 JavaThread "C1 CompilerThread0" daemon [_thread_blocked, id=9844, stack(0x00000081c1c00000,0x00000081c1d00000)]
  0x00000279774fbaf0 JavaThread "Sweeper thread" daemon [_thread_blocked, id=9236, stack(0x00000081c1d00000,0x00000081c1e00000)]
  0x00000279780b9fb0 JavaThread "Common-Cleaner" daemon [_thread_blocked, id=11784, stack(0x00000081c1e00000,0x00000081c1f00000)]
  0x000002797812f720 JavaThread "JDWP Transport Listener: dt_socket" daemon [_thread_blocked, id=7804, stack(0x00000081c1f00000,0x00000081c2000000)]
  0x0000027978136b80 JavaThread "JDWP Event Helper Thread" daemon [_thread_blocked, id=10940, stack(0x00000081c2000000,0x00000081c2100000)]
  0x0000027978137070 JavaThread "JDWP Command Reader" daemon [_thread_in_native, id=6984, stack(0x00000081c2100000,0x00000081c2200000)]
  0x00000279781d56b0 JavaThread "Notification Thread" daemon [_thread_blocked, id=10008, stack(0x00000081c2200000,0x00000081c2300000)]
  0x00000279774ecf60 JavaThread "C2 CompilerThread1" daemon [_thread_in_native, id=12284, stack(0x00000081c2400000,0x00000081c2500000)]
  0x00000279774ee3a0 JavaThread "C2 CompilerThread2" daemon [_thread_in_native, id=6656, stack(0x00000081c2d00000,0x00000081c2e00000)]
  0x00000279007efff0 JavaThread "Catalina-utility-1" [_thread_blocked, id=11312, stack(0x00000081c2e00000,0x00000081c2f00000)]
  0x000002797917ab70 JavaThread "Catalina-utility-2" [_thread_blocked, id=9868, stack(0x00000081c2f00000,0x00000081c3000000)]
  0x000002797917b040 JavaThread "container-0" [_thread_blocked, id=11848, stack(0x00000081c3000000,0x00000081c3100000)]
  0x00000279790a5190 JavaThread "HikariPool-1 housekeeper" daemon [_thread_blocked, id=7244, stack(0x00000081c3200000,0x00000081c3300000)]
  0x000002797c474ff0 JavaThread "HikariPool-1 connection adder" daemon [_thread_in_native, id=9276, stack(0x00000081c3300000,0x00000081c3400000)]

Other Threads:
  0x00000279774be340 VMThread "VM Thread" [stack: 0x00000081c1400000,0x00000081c1500000] [id=2652]
  0x0000027959440140 WatcherThread [stack: 0x00000081c2300000,0x00000081c2400000] [id=11052]
  0x0000027959426fe0 GCTaskThread "GC Thread#0" [stack: 0x00000081c0f00000,0x00000081c1000000] [id=9012]
  0x0000027978cb5b40 GCTaskThread "GC Thread#1" [stack: 0x00000081c2500000,0x00000081c2600000] [id=7936]
  0x0000027978c7d490 GCTaskThread "GC Thread#2" [stack: 0x00000081c2600000,0x00000081c2700000] [id=9780]
  0x0000027978d1c700 GCTaskThread "GC Thread#3" [stack: 0x00000081c2700000,0x00000081c2800000] [id=10680]
  0x0000027978d1c9b0 GCTaskThread "GC Thread#4" [stack: 0x00000081c2800000,0x00000081c2900000] [id=5732]
  0x0000027978d1cc60 GCTaskThread "GC Thread#5" [stack: 0x00000081c2900000,0x00000081c2a00000] [id=1640]
  0x0000027978d1df30 GCTaskThread "GC Thread#6" [stack: 0x00000081c2a00000,0x00000081c2b00000] [id=9900]
  0x0000027978d1e1e0 GCTaskThread "GC Thread#7" [stack: 0x00000081c2b00000,0x00000081c2c00000] [id=10252]
  0x0000027959437b70 ConcurrentGCThread "G1 Main Marker" [stack: 0x00000081c1000000,0x00000081c1100000] [id=11628]
  0x0000027959438c30 ConcurrentGCThread "G1 Conc#0" [stack: 0x00000081c1100000,0x00000081c1200000] [id=1016]
  0x0000027979545900 ConcurrentGCThread "G1 Conc#1" [stack: 0x00000081c2c00000,0x00000081c2d00000] [id=12048]
  0x00000279773720b0 ConcurrentGCThread "G1 Refine#0" [stack: 0x00000081c1200000,0x00000081c1300000] [id=6716]
  0x00000279773729e0 ConcurrentGCThread "G1 Service" [stack: 0x00000081c1300000,0x00000081c1400000] [id=1648]

Threads with active compile tasks:
C2 CompilerThread0     4326 4396       4       java.net.URLStreamHandler::parseURL (1201 bytes)
C2 CompilerThread1     4326 4104       4       jdk.internal.loader.BuiltinClassLoader::defineClass (121 bytes)
C2 CompilerThread2     4326 4395       4       java.lang.AbstractStringBuilder::append (55 bytes)

VM state: not at safepoint (normal execution)

VM Mutex/Monitor currently owned by a thread: None

Heap address: 0x0000000081600000, size: 2026 MB, Compressed Oops mode: 32-bit

CDS archive(s) mapped at: [0x0000000800000000-0x0000000800bc0000-0x0000000800bc0000), size 12320768, SharedBaseAddress: 0x0000000800000000, ArchiveRelocationMode: 0.
Compressed class space mapped at: 0x0000000800c00000-0x0000000840c00000, reserved size: 1073741824
Narrow klass base: 0x0000000800000000, Narrow klass shift: 0, Narrow klass range: 0x100000000

GC Precious Log:
 CPUs: 8 total, 8 available
 Memory: 8102M
 Large Page Support: Disabled
 NUMA Support: Disabled
 Compressed Oops: Enabled (32-bit)
 Heap Region Size: 1M
 Heap Min Capacity: 8M
 Heap Initial Capacity: 128M
 Heap Max Capacity: 2026M
 Pre-touch: Disabled
 Parallel Workers: 8
 Concurrent Workers: 2
 Concurrent Refinement Workers: 8
 Periodic GC: Disabled

Heap:
 garbage-first heap   total 54272K, used 23701K [0x0000000081600000, 0x0000000100000000)
  region size 1024K, 6 young (6144K), 2 survivors (2048K)
 Metaspace       used 47410K, committed 47744K, reserved 1097728K
  class space    used 6418K, committed 6592K, reserved 1048576K

Heap Regions: E=young(eden), S=young(survivor), O=old, HS=humongous(starts), HC=humongous(continues), CS=collection set, F=free, OA=open archive, CA=closed archive, TAMS=top-at-mark-start (previous, next)
|   0|0x0000000081600000, 0x0000000081700000, 0x0000000081700000|100%|HS|  |TAMS 0x0000000081700000, 0x0000000081600000| Complete 
|   1|0x0000000081700000, 0x0000000081800000, 0x0000000081800000|100%| O|  |TAMS 0x0000000081800000, 0x0000000081700000| Untracked 
|   2|0x0000000081800000, 0x0000000081900000, 0x0000000081900000|100%| O|  |TAMS 0x0000000081900000, 0x0000000081800000| Untracked 
|   3|0x0000000081900000, 0x0000000081a00000, 0x0000000081a00000|100%| O|  |TAMS 0x0000000081a00000, 0x0000000081900000| Untracked 
|   4|0x0000000081a00000, 0x0000000081b00000, 0x0000000081b00000|100%| O|  |TAMS 0x0000000081b00000, 0x0000000081a00000| Untracked 
|   5|0x0000000081b00000, 0x0000000081c00000, 0x0000000081c00000|100%| O|  |TAMS 0x0000000081c00000, 0x0000000081b00000| Untracked 
|   6|0x0000000081c00000, 0x0000000081cd2400, 0x0000000081d00000| 82%| O|  |TAMS 0x0000000081cd2400, 0x0000000081c00000| Untracked 
|   7|0x0000000081d00000, 0x0000000081e00000, 0x0000000081e00000|100%| O|  |TAMS 0x0000000081e00000, 0x0000000081d00000| Untracked 
|   8|0x0000000081e00000, 0x0000000081f00000, 0x0000000081f00000|100%| O|  |TAMS 0x0000000081f00000, 0x0000000081e00000| Untracked 
|   9|0x0000000081f00000, 0x0000000082000000, 0x0000000082000000|100%| O|  |TAMS 0x0000000082000000, 0x0000000081f00000| Untracked 
|  10|0x0000000082000000, 0x0000000082100000, 0x0000000082100000|100%| O|  |TAMS 0x0000000082100000, 0x0000000082000000| Untracked 
|  11|0x0000000082100000, 0x0000000082200000, 0x0000000082200000|100%| O|  |TAMS 0x0000000082200000, 0x0000000082100000| Untracked 
|  12|0x0000000082200000, 0x0000000082300000, 0x0000000082300000|100%| O|  |TAMS 0x0000000082300000, 0x0000000082200000| Untracked 
|  13|0x0000000082300000, 0x0000000082400000, 0x0000000082400000|100%| O|  |TAMS 0x0000000082400000, 0x0000000082300000| Untracked 
|  14|0x0000000082400000, 0x0000000082500000, 0x0000000082500000|100%| O|  |TAMS 0x0000000082500000, 0x0000000082400000| Untracked 
|  15|0x0000000082500000, 0x0000000082600000, 0x0000000082600000|100%| O|  |TAMS 0x0000000082564400, 0x0000000082500000| Untracked 
|  16|0x0000000082600000, 0x0000000082700000, 0x0000000082700000|100%| O|  |TAMS 0x0000000082600000, 0x0000000082600000| Untracked 
|  17|0x0000000082700000, 0x0000000082800000, 0x0000000082800000|100%| O|  |TAMS 0x0000000082700000, 0x0000000082700000| Untracked 
|  18|0x0000000082800000, 0x0000000082889400, 0x0000000082900000| 53%| O|  |TAMS 0x0000000082800000, 0x0000000082800000| Untracked 
|  19|0x0000000082900000, 0x0000000082900000, 0x0000000082a00000|  0%| F|  |TAMS 0x0000000082900000, 0x0000000082900000| Untracked 
|  20|0x0000000082a00000, 0x0000000082a00000, 0x0000000082b00000|  0%| F|  |TAMS 0x0000000082a00000, 0x0000000082a00000| Untracked 
|  21|0x0000000082b00000, 0x0000000082b00000, 0x0000000082c00000|  0%| F|  |TAMS 0x0000000082b00000, 0x0000000082b00000| Untracked 
|  22|0x0000000082c00000, 0x0000000082c00000, 0x0000000082d00000|  0%| F|  |TAMS 0x0000000082c00000, 0x0000000082c00000| Untracked 
|  23|0x0000000082d00000, 0x0000000082d00000, 0x0000000082e00000|  0%| F|  |TAMS 0x0000000082d00000, 0x0000000082d00000| Untracked 
|  24|0x0000000082e00000, 0x0000000082e00000, 0x0000000082f00000|  0%| F|  |TAMS 0x0000000082e00000, 0x0000000082e00000| Untracked 
|  25|0x0000000082f00000, 0x0000000082fc9ca8, 0x0000000083000000| 78%| S|CS|TAMS 0x0000000082f00000, 0x0000000082f00000| Complete 
|  26|0x0000000083000000, 0x0000000083000000, 0x0000000083100000|  0%| F|  |TAMS 0x0000000083000000, 0x0000000083000000| Untracked 
|  27|0x0000000083100000, 0x0000000083100000, 0x0000000083200000|  0%| F|  |TAMS 0x0000000083100000, 0x0000000083100000| Untracked 
|  28|0x0000000083200000, 0x0000000083300000, 0x0000000083300000|100%| S|CS|TAMS 0x0000000083200000, 0x0000000083200000| Complete 
|  29|0x0000000083300000, 0x0000000083300000, 0x0000000083400000|  0%| F|  |TAMS 0x0000000083300000, 0x0000000083300000| Untracked 
|  30|0x0000000083400000, 0x0000000083400000, 0x0000000083500000|  0%| F|  |TAMS 0x0000000083400000, 0x0000000083400000| Untracked 
|  31|0x0000000083500000, 0x0000000083500000, 0x0000000083600000|  0%| F|  |TAMS 0x0000000083500000, 0x0000000083500000| Untracked 
|  32|0x0000000083600000, 0x0000000083600000, 0x0000000083700000|  0%| F|  |TAMS 0x0000000083600000, 0x0000000083600000| Untracked 
|  33|0x0000000083700000, 0x0000000083700000, 0x0000000083800000|  0%| F|  |TAMS 0x0000000083700000, 0x0000000083700000| Untracked 
|  34|0x0000000083800000, 0x0000000083800000, 0x0000000083900000|  0%| F|  |TAMS 0x0000000083800000, 0x0000000083800000| Untracked 
|  35|0x0000000083900000, 0x0000000083900000, 0x0000000083a00000|  0%| F|  |TAMS 0x0000000083900000, 0x0000000083900000| Untracked 
|  36|0x0000000083a00000, 0x0000000083a00000, 0x0000000083b00000|  0%| F|  |TAMS 0x0000000083a00000, 0x0000000083a00000| Untracked 
|  37|0x0000000083b00000, 0x0000000083b00000, 0x0000000083c00000|  0%| F|  |TAMS 0x0000000083b00000, 0x0000000083b00000| Untracked 
|  38|0x0000000083c00000, 0x0000000083c00000, 0x0000000083d00000|  0%| F|  |TAMS 0x0000000083c00000, 0x0000000083c00000| Untracked 
|  39|0x0000000083d00000, 0x0000000083d00000, 0x0000000083e00000|  0%| F|  |TAMS 0x0000000083d00000, 0x0000000083d00000| Untracked 
|  40|0x0000000083e00000, 0x0000000083e00000, 0x0000000083f00000|  0%| F|  |TAMS 0x0000000083e00000, 0x0000000083e00000| Untracked 
|  41|0x0000000083f00000, 0x0000000083f00000, 0x0000000084000000|  0%| F|  |TAMS 0x0000000083f00000, 0x0000000083f00000| Untracked 
|  42|0x0000000084000000, 0x0000000084000000, 0x0000000084100000|  0%| F|  |TAMS 0x0000000084000000, 0x0000000084000000| Untracked 
|  43|0x0000000084100000, 0x0000000084100000, 0x0000000084200000|  0%| F|  |TAMS 0x0000000084100000, 0x0000000084100000| Untracked 
|  44|0x0000000084200000, 0x0000000084200000, 0x0000000084300000|  0%| F|  |TAMS 0x0000000084200000, 0x0000000084200000| Untracked 
|  45|0x0000000084300000, 0x0000000084300000, 0x0000000084400000|  0%| F|  |TAMS 0x0000000084300000, 0x0000000084300000| Untracked 
|  46|0x0000000084400000, 0x0000000084400000, 0x0000000084500000|  0%| F|  |TAMS 0x0000000084400000, 0x0000000084400000| Untracked 
|  60|0x0000000085200000, 0x0000000085200000, 0x0000000085300000|  0%| F|  |TAMS 0x0000000085200000, 0x0000000085200000| Untracked 
|  61|0x0000000085300000, 0x0000000085300000, 0x0000000085400000|  0%| F|  |TAMS 0x0000000085300000, 0x0000000085300000| Untracked 
|  62|0x0000000085400000, 0x0000000085410b80, 0x0000000085500000|  6%| E|  |TAMS 0x0000000085400000, 0x0000000085400000| Complete 
|  63|0x0000000085500000, 0x0000000085600000, 0x0000000085600000|100%| E|CS|TAMS 0x0000000085500000, 0x0000000085500000| Complete 
|  64|0x0000000085600000, 0x0000000085700000, 0x0000000085700000|100%| E|CS|TAMS 0x0000000085600000, 0x0000000085600000| Complete 
| 127|0x0000000089500000, 0x0000000089600000, 0x0000000089600000|100%| E|CS|TAMS 0x0000000089500000, 0x0000000089500000| Complete 

Card table byte_map: [0x0000027970370000,0x0000027970770000] _byte_map_base: 0x000002796ff65000

Marking Bits (Prev, Next): (CMBitMap*) 0x0000027959427500, (CMBitMap*) 0x0000027959427540
 Prev Bits: [0x0000027970b70000, 0x0000027972b18000)
 Next Bits: [0x0000027972b20000, 0x0000027974ac8000)

Polling page: 0x00000279572d0000

Metaspace:

Usage:
  Non-class:     40.03 MB used.
      Class:      6.27 MB used.
       Both:     46.30 MB used.

Virtual space:
  Non-class space:       48.00 MB reserved,      40.19 MB ( 84%) committed,  6 nodes.
      Class space:        1.00 GB reserved,       6.44 MB ( <1%) committed,  1 nodes.
             Both:        1.05 GB reserved,      46.62 MB (  4%) committed. 

Chunk freelists:
   Non-Class:  3.64 MB
       Class:  1.55 MB
        Both:  5.19 MB

MaxMetaspaceSize: unlimited
CompressedClassSpaceSize: 1.00 GB
Initial GC threshold: 21.00 MB
Current GC threshold: 58.75 MB
CDS: on
MetaspaceReclaimPolicy: balanced
 - commit_granule_bytes: 65536.
 - commit_granule_words: 8192.
 - virtual_space_node_default_size: 1048576.
 - enlarge_chunks_in_place: 1.
 - new_chunks_are_fully_committed: 0.
 - uncommit_free_chunks: 1.
 - use_allocation_guard: 0.
 - handle_deallocations: 1.


Internal statistics:

num_allocs_failed_limit: 6.
num_arena_births: 342.
num_arena_deaths: 0.
num_vsnodes_births: 7.
num_vsnodes_deaths: 0.
num_space_committed: 746.
num_space_uncommitted: 0.
num_chunks_returned_to_freelist: 6.
num_chunks_taken_from_freelist: 2012.
num_chunk_merges: 6.
num_chunk_splits: 1456.
num_chunks_enlarged: 1174.
num_purges: 0.
num_inconsistent_stats: 0.

CodeHeap 'non-profiled nmethods': size=120000Kb used=2421Kb max_used=2782Kb free=117578Kb
 bounds [0x0000027968710000, 0x00000279689e0000, 0x000002796fc40000]
CodeHeap 'profiled nmethods': size=120000Kb used=7382Kb max_used=9149Kb free=112617Kb
 bounds [0x00000279611e0000, 0x0000027961ad0000, 0x0000027968710000]
CodeHeap 'non-nmethods': size=5760Kb used=1330Kb max_used=1413Kb free=4429Kb
 bounds [0x0000027960c40000, 0x0000027960eb0000, 0x00000279611e0000]
 total_blobs=4306 nmethods=3729 adapters=487
 compilation: enabled
              stopped_count=0, restarted_count=0
 full_count=0

Compilation events (20 events):
Event: 4.207 Thread 0x00000279774dad70 nmethod 4151 0x000002796885c190 code [0x000002796885c360, 0x000002796885c700]
Event: 4.207 Thread 0x00000279774dad70 4243       4       jdk.internal.loader.URLClassPath$JarLoader$2::getBytes (48 bytes)
Event: 4.208 Thread 0x00000279774ed470 4389       1       org.hibernate.type.AbstractStandardBasicType::isComponentType (2 bytes)
Event: 4.208 Thread 0x00000279774ed470 nmethod 4389 0x00000279687f8a10 code [0x00000279687f8ba0, 0x00000279687f8c78]
Event: 4.208 Thread 0x00000279774dad70 nmethod 4243 0x000002796885f490 code [0x000002796885f620, 0x000002796885f7a8]
Event: 4.208 Thread 0x00000279774dad70 4244       4       java.nio.HeapByteBuffer::getShort (29 bytes)
Event: 4.209 Thread 0x00000279774dad70 nmethod 4244 0x000002796885f010 code [0x000002796885f180, 0x000002796885f2d8]
Event: 4.209 Thread 0x00000279774dad70 4245       4       jdk.internal.misc.Unsafe::getShortUnaligned (12 bytes)
Event: 4.210 Thread 0x00000279774dad70 nmethod 4245 0x00000279687f8710 code [0x00000279687f8880, 0x00000279687f8958]
Event: 4.215 Thread 0x00000279774ed470 4390       3       java.util.Locale::getVariant (8 bytes)
Event: 4.215 Thread 0x00000279774ed470 nmethod 4390 0x00000279614c4490 code [0x00000279614c4620, 0x00000279614c4758]
Event: 4.223 Thread 0x00000279774dad70 4391       4       java.util.jar.JarFile::getJarEntry (9 bytes)
Event: 4.224 Thread 0x00000279774ed470 4392       1       org.hibernate.mapping.PersistentClass::getEntityName (5 bytes)
Event: 4.225 Thread 0x00000279774ed470 nmethod 4392 0x000002796885ed10 code [0x000002796885eea0, 0x000002796885ef78]
Event: 4.230 Thread 0x00000279774ed470 4393       1       org.hibernate.type.AbstractStandardBasicType::isAssociationType (2 bytes)
Event: 4.230 Thread 0x00000279774ed470 nmethod 4393 0x0000027968833d90 code [0x0000027968833f20, 0x0000027968833ff8]
Event: 4.230 Thread 0x00000279774ed470 4394       1       org.hibernate.mapping.Property::getName (5 bytes)
Event: 4.230 Thread 0x00000279774ed470 nmethod 4394 0x0000027968833a90 code [0x0000027968833c20, 0x0000027968833cf8]
Event: 4.237 Thread 0x00000279774dad70 nmethod 4391 0x0000027968726b90 code [0x0000027968726da0, 0x0000027968727ae0]
Event: 4.237 Thread 0x00000279774dad70 4396       4       java.net.URLStreamHandler::parseURL (1201 bytes)

GC Heap History (20 events):
Event: 1.062 GC heap before
{Heap before GC invocations=1 (full 0):
 garbage-first heap   total 131072K, used 32239K [0x0000000081600000, 0x0000000100000000)
  region size 1024K, 29 young (29696K), 3 survivors (3072K)
 Metaspace       used 10891K, committed 11136K, reserved 1064960K
  class space    used 1399K, committed 1536K, reserved 1048576K
}
Event: 1.065 GC heap after
{Heap after GC invocations=2 (full 0):
 garbage-first heap   total 131072K, used 8560K [0x0000000081600000, 0x0000000100000000)
  region size 1024K, 2 young (2048K), 2 survivors (2048K)
 Metaspace       used 10891K, committed 11136K, reserved 1064960K
  class space    used 1399K, committed 1536K, reserved 1048576K
}
Event: 1.750 GC heap before
{Heap before GC invocations=2 (full 0):
 garbage-first heap   total 131072K, used 68976K [0x0000000081600000, 0x0000000100000000)
  region size 1024K, 63 young (64512K), 2 survivors (2048K)
 Metaspace       used 21310K, committed 21504K, reserved 1073152K
  class space    used 2717K, committed 2816K, reserved 1048576K
}
Event: 1.755 GC heap after
{Heap after GC invocations=3 (full 0):
 garbage-first heap   total 131072K, used 11728K [0x0000000081600000, 0x0000000100000000)
  region size 1024K, 5 young (5120K), 5 survivors (5120K)
 Metaspace       used 21310K, committed 21504K, reserved 1073152K
  class space    used 2717K, committed 2816K, reserved 1048576K
}
Event: 2.198 GC heap before
{Heap before GC invocations=4 (full 0):
 garbage-first heap   total 45056K, used 33232K [0x0000000081600000, 0x0000000100000000)
  region size 1024K, 26 young (26624K), 5 survivors (5120K)
 Metaspace       used 24744K, committed 25024K, reserved 1073152K
  class space    used 3194K, committed 3328K, reserved 1048576K
}
Event: 2.207 GC heap after
{Heap after GC invocations=5 (full 0):
 garbage-first heap   total 45056K, used 13144K [0x0000000081600000, 0x0000000100000000)
  region size 1024K, 2 young (2048K), 2 survivors (2048K)
 Metaspace       used 24744K, committed 25024K, reserved 1073152K
  class space    used 3194K, committed 3328K, reserved 1048576K
}
Event: 2.597 GC heap before
{Heap before GC invocations=5 (full 0):
 garbage-first heap   total 45056K, used 30552K [0x0000000081600000, 0x0000000100000000)
  region size 1024K, 20 young (20480K), 2 survivors (2048K)
 Metaspace       used 28989K, committed 29248K, reserved 1081344K
  class space    used 3725K, committed 3840K, reserved 1048576K
}
Event: 2.604 GC heap after
{Heap after GC invocations=6 (full 0):
 garbage-first heap   total 45056K, used 15719K [0x0000000081600000, 0x0000000100000000)
  region size 1024K, 3 young (3072K), 3 survivors (3072K)
 Metaspace       used 28989K, committed 29248K, reserved 1081344K
  class space    used 3725K, committed 3840K, reserved 1048576K
}
Event: 2.868 GC heap before
{Heap before GC invocations=6 (full 0):
 garbage-first heap   total 45056K, used 31079K [0x0000000081600000, 0x0000000100000000)
  region size 1024K, 19 young (19456K), 3 survivors (3072K)
 Metaspace       used 30901K, committed 31232K, reserved 1081344K
  class space    used 3990K, committed 4160K, reserved 1048576K
}
Event: 2.871 GC heap after
{Heap after GC invocations=7 (full 0):
 garbage-first heap   total 45056K, used 17155K [0x0000000081600000, 0x0000000100000000)
  region size 1024K, 2 young (2048K), 2 survivors (2048K)
 Metaspace       used 30901K, committed 31232K, reserved 1081344K
  class space    used 3990K, committed 4160K, reserved 1048576K
}
Event: 3.143 GC heap before
{Heap before GC invocations=7 (full 0):
 garbage-first heap   total 45056K, used 33539K [0x0000000081600000, 0x0000000100000000)
  region size 1024K, 18 young (18432K), 2 survivors (2048K)
 Metaspace       used 34716K, committed 34944K, reserved 1081344K
  class space    used 4612K, committed 4736K, reserved 1048576K
}
Event: 3.145 GC heap after
{Heap after GC invocations=8 (full 0):
 garbage-first heap   total 45056K, used 17663K [0x0000000081600000, 0x0000000100000000)
  region size 1024K, 3 young (3072K), 3 survivors (3072K)
 Metaspace       used 34716K, committed 34944K, reserved 1081344K
  class space    used 4612K, committed 4736K, reserved 1048576K
}
Event: 3.200 GC heap before
{Heap before GC invocations=8 (full 0):
 garbage-first heap   total 45056K, used 20735K [0x0000000081600000, 0x0000000100000000)
  region size 1024K, 7 young (7168K), 3 survivors (3072K)
 Metaspace       used 35694K, committed 35968K, reserved 1081344K
  class space    used 4777K, committed 4928K, reserved 1048576K
}
Event: 3.202 GC heap after
{Heap after GC invocations=9 (full 0):
 garbage-first heap   total 45056K, used 17831K [0x0000000081600000, 0x0000000100000000)
  region size 1024K, 1 young (1024K), 1 survivors (1024K)
 Metaspace       used 35694K, committed 35968K, reserved 1081344K
  class space    used 4777K, committed 4928K, reserved 1048576K
}
Event: 3.608 GC heap before
{Heap before GC invocations=10 (full 0):
 garbage-first heap   total 45056K, used 34215K [0x0000000081600000, 0x0000000100000000)
  region size 1024K, 18 young (18432K), 1 survivors (1024K)
 Metaspace       used 40281K, committed 40576K, reserved 1089536K
  class space    used 5357K, committed 5504K, reserved 1048576K
}
Event: 3.609 GC heap after
{Heap after GC invocations=11 (full 0):
 garbage-first heap   total 45056K, used 18873K [0x0000000081600000, 0x0000000100000000)
  region size 1024K, 2 young (2048K), 2 survivors (2048K)
 Metaspace       used 40281K, committed 40576K, reserved 1089536K
  class space    used 5357K, committed 5504K, reserved 1048576K
}
Event: 3.873 GC heap before
{Heap before GC invocations=11 (full 0):
 garbage-first heap   total 45056K, used 34233K [0x0000000081600000, 0x0000000100000000)
  region size 1024K, 18 young (18432K), 2 survivors (2048K)
 Metaspace       used 43986K, committed 44288K, reserved 1089536K
  class space    used 5844K, committed 6016K, reserved 1048576K
}
Event: 3.875 GC heap after
{Heap after GC invocations=12 (full 0):
 garbage-first heap   total 45056K, used 19868K [0x0000000081600000, 0x0000000100000000)
  region size 1024K, 3 young (3072K), 3 survivors (3072K)
 Metaspace       used 43986K, committed 44288K, reserved 1089536K
  class space    used 5844K, committed 6016K, reserved 1048576K
}
Event: 4.216 GC heap before
{Heap before GC invocations=12 (full 0):
 garbage-first heap   total 45056K, used 35228K [0x0000000081600000, 0x0000000100000000)
  region size 1024K, 18 young (18432K), 3 survivors (3072K)
 Metaspace       used 46712K, committed 47040K, reserved 1089536K
  class space    used 6313K, committed 6464K, reserved 1048576K
}
Event: 4.218 GC heap after
{Heap after GC invocations=13 (full 0):
 garbage-first heap   total 54272K, used 20629K [0x0000000081600000, 0x0000000100000000)
  region size 1024K, 2 young (2048K), 2 survivors (2048K)
 Metaspace       used 46712K, committed 47040K, reserved 1089536K
  class space    used 6313K, committed 6464K, reserved 1048576K
}

Deoptimization events (20 events):
Event: 4.213 Thread 0x00000279593c9e70 DEOPT PACKING pc=0x000002796891c7d8 sp=0x00000081c0efd730
Event: 4.213 Thread 0x00000279593c9e70 DEOPT UNPACKING pc=0x0000027960c92b43 sp=0x00000081c0efcbc0 mode 1
Event: 4.215 Thread 0x00000279593c9e70 DEOPT PACKING pc=0x000002796891c7d8 sp=0x00000081c0efd6a0
Event: 4.215 Thread 0x00000279593c9e70 DEOPT UNPACKING pc=0x0000027960c92b43 sp=0x00000081c0efcb30 mode 1
Event: 4.215 Thread 0x00000279593c9e70 DEOPT PACKING pc=0x000002796891c7d8 sp=0x00000081c0efd6a0
Event: 4.215 Thread 0x00000279593c9e70 DEOPT UNPACKING pc=0x0000027960c92b43 sp=0x00000081c0efcb30 mode 1
Event: 4.230 Thread 0x00000279593c9e70 DEOPT PACKING pc=0x000002796891c7d8 sp=0x00000081c0efdf80
Event: 4.230 Thread 0x00000279593c9e70 DEOPT UNPACKING pc=0x0000027960c92b43 sp=0x00000081c0efd410 mode 1
Event: 4.234 Thread 0x00000279593c9e70 DEOPT PACKING pc=0x000002796891c7d8 sp=0x00000081c0efdf80
Event: 4.234 Thread 0x00000279593c9e70 DEOPT UNPACKING pc=0x0000027960c92b43 sp=0x00000081c0efd410 mode 1
Event: 4.234 Thread 0x00000279593c9e70 DEOPT PACKING pc=0x000002796891c7d8 sp=0x00000081c0efdf80
Event: 4.234 Thread 0x00000279593c9e70 DEOPT UNPACKING pc=0x0000027960c92b43 sp=0x00000081c0efd410 mode 1
Event: 4.251 Thread 0x00000279593c9e70 DEOPT PACKING pc=0x000002796891c7d8 sp=0x00000081c0efd170
Event: 4.251 Thread 0x00000279593c9e70 DEOPT UNPACKING pc=0x0000027960c92b43 sp=0x00000081c0efc600 mode 1
Event: 4.251 Thread 0x00000279593c9e70 DEOPT PACKING pc=0x000002796891c7d8 sp=0x00000081c0efd170
Event: 4.251 Thread 0x00000279593c9e70 DEOPT UNPACKING pc=0x0000027960c92b43 sp=0x00000081c0efc600 mode 1
Event: 4.256 Thread 0x00000279593c9e70 DEOPT PACKING pc=0x000002796891c7d8 sp=0x00000081c0efd2a0
Event: 4.256 Thread 0x00000279593c9e70 DEOPT UNPACKING pc=0x0000027960c92b43 sp=0x00000081c0efc730 mode 1
Event: 4.256 Thread 0x00000279593c9e70 DEOPT PACKING pc=0x000002796891c7d8 sp=0x00000081c0efd2a0
Event: 4.256 Thread 0x00000279593c9e70 DEOPT UNPACKING pc=0x0000027960c92b43 sp=0x00000081c0efc730 mode 1

Classes unloaded (0 events):
No events

Classes redefined (0 events):
No events

Internal exceptions (20 events):
Event: 2.343 Thread 0x00000279593c9e70 Exception <a 'java/lang/NoSuchMethodError'{0x00000000852b5100}: 'int java.lang.invoke.DirectMethodHandle$Holder.invokeVirtual(java.lang.Object, java.lang.Object)'> (0x00000000852b5100) 
thrown [t:\workspace\open\src\hotspot\share\interpreter\linkResolver.cpp, line 766]
Event: 2.347 Thread 0x00000279593c9e70 Exception <a 'java/lang/IncompatibleClassChangeError'{0x00000000852eea38}: Found class java.lang.Object, but interface was expected> (0x00000000852eea38) 
thrown [t:\workspace\open\src\hotspot\share\interpreter\linkResolver.cpp, line 833]
Event: 2.347 Thread 0x00000279593c9e70 Exception <a 'java/lang/NoSuchMethodError'{0x00000000852f3bc0}: 'void java.lang.invoke.DirectMethodHandle$Holder.invokeStatic(java.lang.Object, int, java.lang.Object)'> (0x00000000852f3bc0) 
thrown [t:\workspace\open\src\hotspot\share\interpreter\linkResolver.cpp, line 766]
Event: 2.352 Thread 0x00000279593c9e70 Exception <a 'java/lang/NoSuchMethodError'{0x0000000083b22de0}: 'int java.lang.invoke.DirectMethodHandle$Holder.invokeSpecial(java.lang.Object, java.lang.Object, int)'> (0x0000000083b22de0) 
thrown [t:\workspace\open\src\hotspot\share\interpreter\linkResolver.cpp, line 766]
Event: 2.445 Thread 0x00000279593c9e70 Exception <a 'java/lang/NoSuchMethodError'{0x0000000083782b80}: 'java.lang.Object java.lang.invoke.DirectMethodHandle$Holder.invokeStaticInit(java.lang.Object, int, int, int, int)'> (0x0000000083782b80) 
thrown [t:\workspace\open\src\hotspot\share\interpreter\linkResolver.cpp, line 766]
Event: 2.473 Thread 0x00000279593c9e70 Exception <a 'java/lang/NoSuchMethodError'{0x00000000837d4790}: 'java.lang.Object java.lang.invoke.DirectMethodHandle$Holder.invokeStaticInit(java.lang.Object, java.lang.Object, int, int, int, int)'> (0x00000000837d4790) 
thrown [t:\workspace\open\src\hotspot\share\interpreter\linkResolver.cpp, line 766]
Event: 2.610 Thread 0x00000279593c9e70 Implicit null exception at 0x00000279687ca5cb to 0x00000279687cdd3c
Event: 2.679 Thread 0x00000279593c9e70 Exception <a 'java/io/FileNotFoundException'{0x00000000853e10c8}> (0x00000000853e10c8) 
thrown [t:\workspace\open\src\hotspot\share\prims\jni.cpp, line 516]
Event: 2.699 Thread 0x00000279593c9e70 Exception <a 'java/lang/NoSuchMethodError'{0x0000000083b6d350}: 'int java.lang.invoke.DirectMethodHandle$Holder.invokeInterface(java.lang.Object, java.lang.Object, java.lang.Object, java.lang.Object)'> (0x0000000083b6d350) 
thrown [t:\workspace\open\src\hotspot\share\interpreter\linkResolver.cpp, line 766]
Event: 2.744 Thread 0x00000279593c9e70 Exception <a 'java/io/FileNotFoundException'{0x000000008399cfe8}> (0x000000008399cfe8) 
thrown [t:\workspace\open\src\hotspot\share\prims\jni.cpp, line 516]
Event: 3.392 Thread 0x00000279593c9e70 Exception <a 'sun/nio/fs/WindowsException'{0x00000000854b7150}> (0x00000000854b7150) 
thrown [t:\workspace\open\src\hotspot\share\prims\jni.cpp, line 516]
Event: 3.426 Thread 0x00000279593c9e70 Implicit null exception at 0x000002796896f5c0 to 0x000002796896ff10
Event: 3.448 Thread 0x00000279593c9e70 Implicit null exception at 0x00000279688f4882 to 0x00000279688f4940
Event: 3.469 Thread 0x00000279593c9e70 Implicit null exception at 0x0000027968978313 to 0x000002796897847c
Event: 3.505 Thread 0x00000279593c9e70 Exception <a 'java/lang/NoSuchMethodError'{0x00000000837262e8}: 'java.lang.Object java.lang.invoke.DirectMethodHandle$Holder.invokeStaticInit(java.lang.Object, java.lang.Object, java.lang.Object, java.lang.Object)'> (0x00000000837262e8) 
thrown [t:\workspace\open\src\hotspot\share\interpreter\linkResolver.cpp, line 766]
Event: 3.666 Thread 0x00000279593c9e70 Exception <a 'java/lang/NoSuchMethodError'{0x00000000854590a0}: 'java.lang.Object java.lang.invoke.DirectMethodHandle$Holder.newInvokeSpecial(java.lang.Object, java.lang.Object, int, java.lang.Object, java.lang.Object)'> (0x00000000854590a0) 
thrown [t:\workspace\open\src\hotspot\share\interpreter\linkResolver.cpp, line 766]
Event: 4.137 Thread 0x00000279593c9e70 Exception <a 'java/lang/NoSuchMethodError'{0x00000000837b49d8}: 'void java.lang.invoke.DirectMethodHandle$Holder.invokeInterface(java.lang.Object, java.lang.Object)'> (0x00000000837b49d8) 
thrown [t:\workspace\open\src\hotspot\share\interpreter\linkResolver.cpp, line 766]
Event: 4.139 Thread 0x00000279593c9e70 Exception <a 'java/lang/NoSuchMethodError'{0x00000000837c8940}: 'int java.lang.invoke.DirectMethodHandle$Holder.invokeStatic(java.lang.Object, java.lang.Object, int)'> (0x00000000837c8940) 
thrown [t:\workspace\open\src\hotspot\share\interpreter\linkResolver.cpp, line 766]
Event: 4.154 Thread 0x00000279593c9e70 Exception <a 'java/lang/NoSuchMethodError'{0x0000000083683d20}: 'java.lang.Object java.lang.invoke.DirectMethodHandle$Holder.invokeStaticInit(java.lang.Object, java.lang.Object, java.lang.Object, java.lang.Object, int, int)'> (0x0000000083683d20) 
thrown [t:\workspace\open\src\hotspot\share\interpreter\linkResolver.cpp, line 766]
Event: 4.171 Thread 0x00000279593c9e70 Exception <a 'java/lang/NoSuchMethodError'{0x0000000083578140}: 'void java.lang.invoke.DirectMethodHandle$Holder.invokeStaticInit(java.lang.Object, java.lang.Object, java.lang.Object, java.lang.Object)'> (0x0000000083578140) 
thrown [t:\workspace\open\src\hotspot\share\interpreter\linkResolver.cpp, line 766]

VM Operations (20 events):
Event: 3.215 Executing VM operation: G1Concurrent
Event: 3.216 Executing VM operation: G1Concurrent done
Event: 3.223 Executing VM operation: G1Concurrent
Event: 3.223 Executing VM operation: G1Concurrent done
Event: 3.391 Executing VM operation: HandshakeAllThreads
Event: 3.391 Executing VM operation: HandshakeAllThreads done
Event: 3.395 Executing VM operation: HandshakeAllThreads
Event: 3.395 Executing VM operation: HandshakeAllThreads done
Event: 3.608 Executing VM operation: G1CollectForAllocation
Event: 3.609 Executing VM operation: G1CollectForAllocation done
Event: 3.815 Executing VM operation: HandshakeAllThreads
Event: 3.830 Executing VM operation: HandshakeAllThreads done
Event: 3.859 Executing VM operation: HandshakeAllThreads
Event: 3.859 Executing VM operation: HandshakeAllThreads done
Event: 3.872 Executing VM operation: G1CollectForAllocation
Event: 3.875 Executing VM operation: G1CollectForAllocation done
Event: 3.879 Executing VM operation: HandshakeAllThreads
Event: 3.879 Executing VM operation: HandshakeAllThreads done
Event: 4.216 Executing VM operation: G1CollectForAllocation
Event: 4.218 Executing VM operation: G1CollectForAllocation done

Events (20 events):
Event: 4.256 loading class org/hibernate/internal/CoreMessageLogger_$logger_pt
Event: 4.256 loading class org/hibernate/internal/CoreMessageLogger_$logger_pt done
Event: 4.256 loading class org/hibernate/tool/schema/extract/internal/SequenceInformationExtractorLegacyImpl
Event: 4.256 loading class org/hibernate/tool/schema/extract/internal/SequenceInformationExtractorLegacyImpl done
Event: 4.257 loading class org/hibernate/tool/schema/extract/internal/SequenceInformationExtractorLegacyImpl
Event: 4.257 loading class org/hibernate/tool/schema/extract/internal/SequenceInformationExtractorLegacyImpl done
Event: 4.257 loading class org/hibernate/tool/schema/extract/spi/ExtractionContext$ResultSetProcessor
Event: 4.257 loading class org/hibernate/tool/schema/extract/spi/ExtractionContext$ResultSetProcessor done
Event: 4.257 loading class java/sql/ResultSet
Event: 4.257 loading class java/sql/ResultSet done
Event: 4.257 loading class org/hibernate/tool/schema/extract/spi/ExtractionContext
Event: 4.257 loading class org/hibernate/tool/schema/extract/spi/ExtractionContext done
Event: 4.257 loading class java/sql/ResultSet
Event: 4.257 loading class java/sql/ResultSet done
Event: 4.258 loading class com/zaxxer/hikari/pool/HikariProxyPreparedStatement
Event: 4.258 loading class com/zaxxer/hikari/pool/HikariProxyPreparedStatement done
Event: 4.259 loading class com/zaxxer/hikari/pool/ProxyPreparedStatement
Event: 4.259 loading class com/zaxxer/hikari/pool/ProxyPreparedStatement done
Event: 4.259 loading class com/zaxxer/hikari/pool/ProxyStatement
Event: 4.259 loading class com/zaxxer/hikari/pool/ProxyStatement done


Dynamic libraries:
0x00007ff7a5580000 - 0x00007ff7a5590000 	C:\Program Files\Java\jdk-17.0.3.1\bin\java.exe
0x00007ffc25570000 - 0x00007ffc25768000 	C:\WINDOWS\SYSTEM32\ntdll.dll
0x00007ffc23db0000 - 0x00007ffc23e6d000 	C:\WINDOWS\System32\KERNEL32.DLL
0x00007ffc23040000 - 0x00007ffc2330e000 	C:\WINDOWS\System32\KERNELBASE.dll
0x00007ffc22e50000 - 0x00007ffc22f50000 	C:\WINDOWS\System32\ucrtbase.dll
0x00007ffc1e9c0000 - 0x00007ffc1e9da000 	C:\Program Files\Java\jdk-17.0.3.1\bin\VCRUNTIME140.dll
0x00007ffc1e9a0000 - 0x00007ffc1e9b8000 	C:\Program Files\Java\jdk-17.0.3.1\bin\jli.dll
0x00007ffc25090000 - 0x00007ffc2513e000 	C:\WINDOWS\System32\ADVAPI32.dll
0x00007ffc24cb0000 - 0x00007ffc24d4e000 	C:\WINDOWS\System32\msvcrt.dll
0x00007ffc25490000 - 0x00007ffc2552c000 	C:\WINDOWS\System32\sechost.dll
0x00007ffc24a10000 - 0x00007ffc24b35000 	C:\WINDOWS\System32\RPCRT4.dll
0x00007ffc25260000 - 0x00007ffc25400000 	C:\WINDOWS\System32\USER32.dll
0x00007ffc23310000 - 0x00007ffc23332000 	C:\WINDOWS\System32\win32u.dll
0x00007ffc0ead0000 - 0x00007ffc0ed6a000 	C:\WINDOWS\WinSxS\amd64_microsoft.windows.common-controls_6595b64144ccf1df_6.0.19041.1110_none_60b5254171f9507e\COMCTL32.dll
0x00007ffc24d50000 - 0x00007ffc24d7a000 	C:\WINDOWS\System32\GDI32.dll
0x00007ffc22c90000 - 0x00007ffc22d9b000 	C:\WINDOWS\System32\gdi32full.dll
0x00007ffc23340000 - 0x00007ffc233dd000 	C:\WINDOWS\System32\msvcp_win.dll
0x00007ffc1ad50000 - 0x00007ffc1ad5a000 	C:\WINDOWS\SYSTEM32\VERSION.dll
0x00007ffc25400000 - 0x00007ffc25430000 	C:\WINDOWS\System32\IMM32.DLL
0x00007ffc1e990000 - 0x00007ffc1e99c000 	C:\Program Files\Java\jdk-17.0.3.1\bin\vcruntime140_1.dll
0x00007ffc1e900000 - 0x00007ffc1e98d000 	C:\Program Files\Java\jdk-17.0.3.1\bin\msvcp140.dll
0x00007ffbc2580000 - 0x00007ffbc3140000 	C:\Program Files\Java\jdk-17.0.3.1\bin\server\jvm.dll
0x00007ffc23af0000 - 0x00007ffc23af8000 	C:\WINDOWS\System32\PSAPI.DLL
0x00007ffc18c40000 - 0x00007ffc18c67000 	C:\WINDOWS\SYSTEM32\WINMM.dll
0x00007ffc0eaa0000 - 0x00007ffc0eaa9000 	C:\WINDOWS\SYSTEM32\WSOCK32.dll
0x00007ffc23c30000 - 0x00007ffc23c9b000 	C:\WINDOWS\System32\WS2_32.dll
0x00007ffc20bb0000 - 0x00007ffc20bc2000 	C:\WINDOWS\SYSTEM32\kernel.appcore.dll
0x00007ffc1e8f0000 - 0x00007ffc1e8fa000 	C:\Program Files\Java\jdk-17.0.3.1\bin\jimage.dll
0x00007ffc1c340000 - 0x00007ffc1c524000 	C:\WINDOWS\SYSTEM32\DBGHELP.DLL
0x00007ffc0ed70000 - 0x00007ffc0ed9c000 	C:\WINDOWS\SYSTEM32\dbgcore.DLL
0x00007ffc233e0000 - 0x00007ffc23462000 	C:\WINDOWS\System32\bcryptPrimitives.dll
0x00007ffc08e00000 - 0x00007ffc08e3b000 	C:\Program Files\Java\jdk-17.0.3.1\bin\jdwp.dll
0x00007ffc20480000 - 0x00007ffc2048e000 	C:\Program Files\Java\jdk-17.0.3.1\bin\instrument.dll
0x00007ffc1e8c0000 - 0x00007ffc1e8e5000 	C:\Program Files\Java\jdk-17.0.3.1\bin\java.dll
0x00007ffc0def0000 - 0x00007ffc0df08000 	C:\Program Files\Java\jdk-17.0.3.1\bin\zip.dll
0x00007ffc005a0000 - 0x00007ffc00676000 	C:\Program Files\Java\jdk-17.0.3.1\bin\jsvml.dll
0x00007ffc242c0000 - 0x00007ffc24a04000 	C:\WINDOWS\System32\SHELL32.dll
0x00007ffc20db0000 - 0x00007ffc21544000 	C:\WINDOWS\SYSTEM32\windows.storage.dll
0x00007ffc23ee0000 - 0x00007ffc24234000 	C:\WINDOWS\System32\combase.dll
0x00007ffc22620000 - 0x00007ffc22650000 	C:\WINDOWS\SYSTEM32\Wldp.dll
0x00007ffc23d00000 - 0x00007ffc23dad000 	C:\WINDOWS\System32\SHCORE.dll
0x00007ffc25010000 - 0x00007ffc25065000 	C:\WINDOWS\System32\shlwapi.dll
0x00007ffc22bd0000 - 0x00007ffc22bef000 	C:\WINDOWS\SYSTEM32\profapi.dll
0x00007ffc15680000 - 0x00007ffc1568c000 	C:\Program Files\Java\jdk-17.0.3.1\bin\dt_socket.dll
0x00007ffc22070000 - 0x00007ffc220ab000 	C:\WINDOWS\SYSTEM32\IPHLPAPI.DLL
0x00007ffc22380000 - 0x00007ffc223ea000 	C:\WINDOWS\system32\mswsock.dll
0x00007ffc0df70000 - 0x00007ffc0df89000 	C:\Program Files\Java\jdk-17.0.3.1\bin\net.dll
0x00007ffc1a510000 - 0x00007ffc1a61a000 	C:\WINDOWS\SYSTEM32\WINHTTP.dll
0x00007ffc0df50000 - 0x00007ffc0df66000 	C:\Program Files\Java\jdk-17.0.3.1\bin\nio.dll
0x00007ffc0f390000 - 0x00007ffc0f3a0000 	C:\Program Files\Java\jdk-17.0.3.1\bin\verify.dll
0x00007ffc15670000 - 0x00007ffc15679000 	C:\Program Files\Java\jdk-17.0.3.1\bin\management.dll
0x00007ffc155c0000 - 0x00007ffc155cb000 	C:\Program Files\Java\jdk-17.0.3.1\bin\management_ext.dll
0x00007ffc146e0000 - 0x00007ffc146f7000 	C:\WINDOWS\system32\napinsp.dll
0x00007ffc145d0000 - 0x00007ffc145eb000 	C:\WINDOWS\system32\pnrpnsp.dll
0x00007ffc1d300000 - 0x00007ffc1d315000 	C:\WINDOWS\system32\wshbth.dll
0x00007ffc1e730000 - 0x00007ffc1e74d000 	C:\WINDOWS\system32\NLAapi.dll
0x00007ffc220b0000 - 0x00007ffc2217b000 	C:\WINDOWS\SYSTEM32\DNSAPI.dll
0x00007ffc23e70000 - 0x00007ffc23e78000 	C:\WINDOWS\System32\NSI.dll
0x00007ffc10ae0000 - 0x00007ffc10af2000 	C:\WINDOWS\System32\winrnr.dll
0x00007ffc1b410000 - 0x00007ffc1b41a000 	C:\Windows\System32\rasadhlp.dll
0x00007ffc1a040000 - 0x00007ffc1a0c0000 	C:\WINDOWS\System32\fwpuclnt.dll
0x00007ffc22fa0000 - 0x00007ffc22fc7000 	C:\WINDOWS\System32\bcrypt.dll
0x00007ffc22580000 - 0x00007ffc22598000 	C:\WINDOWS\SYSTEM32\CRYPTSP.dll
0x00007ffc21d00000 - 0x00007ffc21d34000 	C:\WINDOWS\system32\rsaenh.dll
0x00007ffc22b50000 - 0x00007ffc22b7e000 	C:\WINDOWS\SYSTEM32\USERENV.dll
0x00007ffc22570000 - 0x00007ffc2257c000 	C:\WINDOWS\SYSTEM32\CRYPTBASE.dll
0x00007ffc1c680000 - 0x00007ffc1c697000 	C:\WINDOWS\SYSTEM32\dhcpcsvc6.DLL
0x00007ffc1c530000 - 0x00007ffc1c54d000 	C:\WINDOWS\SYSTEM32\dhcpcsvc.DLL
0x00007ffc0e2b0000 - 0x00007ffc0e2be000 	C:\Program Files\Java\jdk-17.0.3.1\bin\sunmscapi.dll
0x00007ffc23470000 - 0x00007ffc235c6000 	C:\WINDOWS\System32\CRYPT32.dll
0x00007ffc22690000 - 0x00007ffc226b7000 	C:\WINDOWS\SYSTEM32\ncrypt.dll
0x00007ffc22650000 - 0x00007ffc2268b000 	C:\WINDOWS\SYSTEM32\NTASN1.dll

dbghelp: loaded successfully - version: 4.0.5 - missing functions: none
symbol engine: initialized successfully - sym options: 0x614 - pdb path: .;C:\Program Files\Java\jdk-17.0.3.1\bin;C:\WINDOWS\SYSTEM32;C:\WINDOWS\WinSxS\amd64_microsoft.windows.common-controls_6595b64144ccf1df_6.0.19041.1110_none_60b5254171f9507e;C:\Program Files\Java\jdk-17.0.3.1\bin\server

VM Arguments:
jvm_args: -agentlib:jdwp=transport=dt_socket,address=127.0.0.1:52407,suspend=y,server=n -javaagent:C:\Users\Akky\AppData\Local\JetBrains\IdeaIC2022.1\captureAgent\debugger-agent.jar -Dfile.encoding=UTF-8 
java_command: me.dio.academia.digital.AcademiaDigitalApplication
java_class_path (initial): E:\Documentos\T\Codes\JAVA\academia-digital\target\classes;C:\Users\Akky\.m2\repository\org\springframework\boot\spring-boot-starter-data-jpa\2.6.9\spring-boot-starter-data-jpa-2.6.9.jar;C:\Users\Akky\.m2\repository\org\springframework\boot\spring-boot-starter-aop\2.6.9\spring-boot-starter-aop-2.6.9.jar;C:\Users\Akky\.m2\repository\org\springframework\spring-aop\5.3.21\spring-aop-5.3.21.jar;C:\Users\Akky\.m2\repository\org\aspectj\aspectjweaver\1.9.7\aspectjweaver-1.9.7.jar;C:\Users\Akky\.m2\repository\org\springframework\boot\spring-boot-starter-jdbc\2.6.9\spring-boot-starter-jdbc-2.6.9.jar;C:\Users\Akky\.m2\repository\com\zaxxer\HikariCP\4.0.3\HikariCP-4.0.3.jar;C:\Users\Akky\.m2\repository\org\springframework\spring-jdbc\5.3.21\spring-jdbc-5.3.21.jar;C:\Users\Akky\.m2\repository\jakarta\transaction\jakarta.transaction-api\1.3.3\jakarta.transaction-api-1.3.3.jar;C:\Users\Akky\.m2\repository\jakarta\persistence\jakarta.persistence-api\2.2.3\jakarta.persistence-api-2.2.3.jar;C:\Users\Akky\.m2\repository\org\hibernate\hibernate-core\5.6.9.Final\hibernate-core-5.6.9.Final.jar;C:\Users\Akky\.m2\repository\org\jboss\logging\jboss-logging\3.4.3.Final\jboss-logging-3.4.3.Final.jar;C:\Users\Akky\.m2\repository\net\bytebuddy\byte-buddy\1.11.22\byte-buddy-1.11.22.jar;C:\Users\Akky\.m2\repository\antlr\antlr\2.7.7\antlr-2.7.7.jar;C:\Users\Akky\.m2\repository\org\jboss\jandex\2.4.2.Final\jandex-2.4.2.Final.jar;C:\Users\Akky\.m2\repository\com\fasterxml\classmate\1.5.1\classmate-1.5.1.jar;C:\Users\Akky\.m2\repository\org\hibernate\common\hibernate-commons-annotations\5.1.2.Final\hibernate-commons-annotations-5.1.2.Final.jar;C:\Users\Akky\.m2\repository\org\glassfish\jaxb\jaxb-runtime\2.3.6\jaxb-runtime-2.3.6.jar;C:\Users\Akky\.m2\repository\org\glassfish\jaxb\txw2\2.3.6\txw2-2.3.6.jar;C:\Users\Akky\.m2\repository\com\sun\istack\istack-commons-runtime\3.0.12\istack-commons-runtime-3.0.12.jar;C:\Users\Akky\.m2\repository\com\sun\activation\jakarta.act
Launcher Type: SUN_STANDARD

[Global flags]
     intx CICompilerCount                          = 4                                         {product} {ergonomic}
     uint ConcGCThreads                            = 2                                         {product} {ergonomic}
     uint G1ConcRefinementThreads                  = 8                                         {product} {ergonomic}
   size_t G1HeapRegionSize                         = 1048576                                   {product} {ergonomic}
    uintx GCDrainStackTargetSize                   = 64                                        {product} {ergonomic}
   size_t InitialHeapSize                          = 134217728                                 {product} {ergonomic}
   size_t MarkStackSize                            = 4194304                                   {product} {ergonomic}
   size_t MaxHeapSize                              = 2124414976                                {product} {ergonomic}
   size_t MaxNewSize                               = 1274019840                                {product} {ergonomic}
   size_t MinHeapDeltaBytes                        = 1048576                                   {product} {ergonomic}
   size_t MinHeapSize                              = 8388608                                   {product} {ergonomic}
    uintx NonNMethodCodeHeapSize                   = 5839372                                {pd product} {ergonomic}
    uintx NonProfiledCodeHeapSize                  = 122909434                              {pd product} {ergonomic}
    uintx ProfiledCodeHeapSize                     = 122909434                              {pd product} {ergonomic}
    uintx ReservedCodeCacheSize                    = 251658240                              {pd product} {ergonomic}
     bool SegmentedCodeCache                       = true                                      {product} {ergonomic}
   size_t SoftMaxHeapSize                          = 2124414976                             {manageable} {ergonomic}
     bool UseCompressedClassPointers               = true                           {product lp64_product} {ergonomic}
     bool UseCompressedOops                        = true                           {product lp64_product} {ergonomic}
     bool UseG1GC                                  = true                                      {product} {ergonomic}
     bool UseLargePagesIndividualAllocation        = false                                  {pd product} {ergonomic}

Logging:
Log output configuration:
 #0: stdout all=warning uptime,level,tags
 #1: stderr all=off uptime,level,tags

Environment Variables:
JAVA_HOME=C:\Program Files\Java\jdk-11.0.15
PATH=C:\Program Files\Common Files\Oracle\Java\javapath;C:\Program Files (x86)\Common Files\Oracle\Java\javapath;C:\WINDOWS\system32;C:\WINDOWS;C:\WINDOWS\System32\Wbem;C:\WINDOWS\System32\WindowsPowerShell\v1.0\;%JAVA_HOME%\bin;C:\Program Files\nodejs;E:\Android\sdk\tools;E:\Android\sdk\platform-tools;E:\Android\gradle\bin;E:\Android\sdk\tools\bin;C:\Users\Akky\AppData\Roaming\Composer\vendor\bin;E:\PostgreSQL\13\bin;C:\Program Files\dotnet\;E:\mongo\bin;E:\Program Files\Git\cmd;C:\WINDOWS\System32\OpenSSH\;E:\Program Files\Git\MinGW\bin;C:\Program Files\Docker\Docker\resources\bin;C:\ProgramData\DockerDesktop\version-bin;E:\kafka\bin\windows;C:\Program Files\Microsoft SQL Server\Client SDK\ODBC\170\Tools\Binn\;C:\Program Files\Microsoft SQL Server\Client SDK\ODBC\110\Tools\Binn\;C:\Program Files\nodejs\;E:\Program Files\Go\bin;%$GOPATH%\bin;C:\Users\Akky\AppData\Local\Microsoft\WindowsApps;C:\Users\Akky\AppData\Local\Programs\Microsoft VS Code\bin;E:\AkkyServer\php;C:\Program Files\heroku\bin;C:\Program Files\PostgreSQL\13\bin;C:\Users\Akky\.dotnet\tools;E:\Programas\JetBrains\IntelliJ IDEA Community Edition 2022.1.3\bin;;C:\Program Files\Azure Data Studio\bin;C:\Users\Akky\AppData\Roaming\npm;C:\Users\Akky\go\bin
USERNAME=Akky
OS=Windows_NT
PROCESSOR_IDENTIFIER=Intel64 Family 6 Model 165 Stepping 3, GenuineIntel



---------------  S Y S T E M  ---------------

OS:
 Windows 10 , 64 bit Build 19041 (10.0.19041.1806)
OS uptime: 0 days 5:09 hours

CPU: total 8 (initial active 8) (4 cores per cpu, 2 threads per core) family 6 model 165 stepping 3 microcode 0xcc, cx8, cmov, fxsr, ht, mmx, 3dnowpref, sse, sse2, sse3, ssse3, sse4.1, sse4.2, popcnt, lzcnt, tsc, tscinvbit, avx, avx2, aes, erms, clmul, bmi1, bmi2, adx, fma, vzeroupper, clflush, clflushopt

Memory: 4k page, system-wide physical 8102M (1600M free)
TotalPageFile size 10150M (AvailPageFile size 5M)
current process WorkingSet (physical memory assigned to process): 233M, peak: 242M
current process commit charge ("private bytes"): 284M, peak: 292M

vm_info: Java HotSpot(TM) 64-Bit Server VM (17.0.3.1+2-LTS-6) for windows-amd64 JRE (17.0.3.1+2-LTS-6), built on Apr 25 2022 22:04:21 by "mach5one" with MS VC++ 16.8 / 16.9 (VS2019)

END.
